<?xml version="1.0" encoding="UTF-8" ?>
<testsuites errors="1"
            failures="1"
            tests="2">

  <testsuite name="nightwatch.github"
    errors="1" failures="1" hostname="" id="" package="github" skipped="1"
    tests="2" time="35.14" timestamp="">
  
    <testcase name="Github Title test" classname="nightwatch.github" time="6.512" assertions="1">

    
    </testcase>
  
    <testcase name="Github search for nightwatch repository" classname="nightwatch.github" time="11.06" assertions="2">

      <failure message="Testing if element&#39;s &lt;.header-search-button&gt; inner text equals &#39;nightwatch&#39; in 5000ms - expected &#34;equals &#39;nightwatch&#39;&#34; but got: &#34;element could not be located&#34; (10180ms)">    at Object.Github search for nightwatch repository (/Users/wenyuge/code/test-nightwatch/nightwatch/github.ts:21:15)</failure>

    
    <error type="error"><![CDATA[
    NoSuchWindowError: no such window: target window already closed
from unknown error: web view not found
  (Session info: chrome=133.0.6943.54)
    at Object.throwDecodedError (/Users/wenyuge/code/test-nightwatch/node_modules/selenium-webdriver/lib/error.js:521:15)
    at parseHttpResponse (/Users/wenyuge/code/test-nightwatch/node_modules/selenium-webdriver/lib/http.js:514:13)
    at Executor.execute (/Users/wenyuge/code/test-nightwatch/node_modules/selenium-webdriver/lib/http.js:446:28)
    at processTicksAndRejections (node:internal/process/task_queues:105:5)
    at async Driver.execute (/Users/wenyuge/code/test-nightwatch/node_modules/selenium-webdriver/lib/webdriver.js:744:17)
    at async Driver.findElements (/Users/wenyuge/code/test-nightwatch/node_modules/selenium-webdriver/lib/webdriver.js:1072:17)
    ]]></error>
    
    </testcase>
  

  
    <system-err>
       NoSuchWindowError
   no such window: target window already closed
from unknown error: web view not found
  (Session info: chrome=133.0.6943.54)
 NoSuchWindowError
   no such window: target window already closed
from unknown error: web view not found
  (Session info: chrome=133.0.6943.54)
    </system-err>
  

    

  
    
    <testcase
      name="Github login with fake credentials" classname="nightwatch.github">
      <skipped />
    </testcase>
    
  
  </testsuite>
</testsuites>
