<?xml version="1.0" encoding="UTF-8" ?>
<testsuites errors="1"
            failures="1"
            tests="1">

  <testsuite name="nightwatch.ecosia"
    errors="1" failures="1" hostname="" id="" package="ecosia" skipped="0"
    tests="1" time="28.41" timestamp="">
  
    <testcase name="Demo test ecosia.org" classname="nightwatch.ecosia" time="12.41" assertions="5">

    

    

    

      <failure message="Testing if element &lt;.layout__content&gt; contains text &#39;Nightwatch.js&#39; in 5000ms - expected &#34;contains text &#39;Nightwatch.js&#39;&#34; but got: &#34;element could not be located&#34; (8890ms)">    at DescribeInstance.&lt;anonymous&gt; (/Users/wenyuge/code/test-nightwatch/nightwatch/ecosia.ts:14:15)</failure>

    
    <error type="error"><![CDATA[
    NoSuchWindowError: no such window: target window already closed
from unknown error: web view not found
  (Session info: chrome=133.0.6943.54)
    at Object.throwDecodedError (/Users/wenyuge/code/test-nightwatch/node_modules/selenium-webdriver/lib/error.js:521:15)
    at parseHttpResponse (/Users/wenyuge/code/test-nightwatch/node_modules/selenium-webdriver/lib/http.js:514:13)
    at Executor.execute (/Users/wenyuge/code/test-nightwatch/node_modules/selenium-webdriver/lib/http.js:446:28)
    at processTicksAndRejections (node:internal/process/task_queues:105:5)
    at async Driver.execute (/Users/wenyuge/code/test-nightwatch/node_modules/selenium-webdriver/lib/webdriver.js:744:17)
    at async Driver.findElements (/Users/wenyuge/code/test-nightwatch/node_modules/selenium-webdriver/lib/webdriver.js:1072:17)
    ]]></error>
    
    </testcase>
  

  
    <system-err>
       NoSuchWindowError
   no such window: target window already closed
from unknown error: web view not found
  (Session info: chrome=133.0.6943.54)
 NoSuchWindowError
   no such window: target window already closed
from unknown error: web view not found
  (Session info: chrome=133.0.6943.54)
    </system-err>
  

    

  
  </testsuite>
</testsuites>
